<?xml version="1.0" encoding="UTF-8"?>
<testsuite name="GET /api/products/{barcode}" tests="7" skipped="0" failures="0" errors="0" timestamp="2026-05-19T00:50:13.470Z" hostname="bchous-mac.local" time="0.026">
  <properties/>
  <testcase name="CT005 View Product With Nonexistent Barcode Returns 404" classname="com.aims.controller.ProductControllerViewSearchFilterTest$ViewProductEndpoint" time="0.002"/>
  <testcase name="CT002 View DVD Product Returns 200" classname="com.aims.controller.ProductControllerViewSearchFilterTest$ViewProductEndpoint" time="0.003"/>
  <testcase name="CT006 View Product With Unknown Barcode Returns 404" classname="com.aims.controller.ProductControllerViewSearchFilterTest$ViewProductEndpoint" time="0.002"/>
  <testcase name="CT007 View Product Calls Service Once" classname="com.aims.controller.ProductControllerViewSearchFilterTest$ViewProductEndpoint" time="0.003"/>
  <testcase name="CT001 View Book Product Returns 200" classname="com.aims.controller.ProductControllerViewSearchFilterTest$ViewProductEndpoint" time="0.002"/>
  <testcase name="CT004 View Newspaper Product Returns 200" classname="com.aims.controller.ProductControllerViewSearchFilterTest$ViewProductEndpoint" time="0.003"/>
  <testcase name="CT003 View CD Product Returns 200" classname="com.aims.controller.ProductControllerViewSearchFilterTest$ViewProductEndpoint" time="0.002"/>
  <system-out><![CDATA[2026-05-19T07:50:13.471+07:00  INFO 16747 --- [AIMS_Backend] [    Test worker] t.c.s.AnnotationConfigContextLoaderUtils : Could not detect default configuration classes for test class [com.aims.controller.ProductControllerViewSearchFilterTest$ViewProductEndpoint]: ViewProductEndpoint does not declare any static, non-private, non-final, nested classes annotated with @Configuration.
2026-05-19T07:50:13.474+07:00  INFO 16747 --- [AIMS_Backend] [    Test worker] .b.t.c.SpringBootTestContextBootstrapper : Found @SpringBootConfiguration com.aims.AimsBackendApplication for test class com.aims.controller.ProductControllerViewSearchFilterTest$ViewProductEndpoint
]]></system-out>
  <system-err><![CDATA[]]></system-err>
</testsuite>
