<?xml version="1.0" encoding="UTF-8"?>
<testsuite name="GET /api/products/filter" tests="6" skipped="0" failures="0" errors="0" timestamp="2026-05-19T00:50:12.432Z" hostname="bchous-mac.local" time="1.009">
  <properties/>
  <testcase name="CT016 Filter With No Products In Range Returns 200" classname="com.aims.controller.ProductControllerViewSearchFilterTest$FilterProductEndpoint" time="0.053"/>
  <testcase name="CT017 Filter With Invalid Price Range Returns 400" classname="com.aims.controller.ProductControllerViewSearchFilterTest$FilterProductEndpoint" time="0.006"/>
  <testcase name="CT015 Filter Products In Valid Price Range Returns 200" classname="com.aims.controller.ProductControllerViewSearchFilterTest$FilterProductEndpoint" time="0.02"/>
  <testcase name="CT019 Filter With Min Equals Max Boundary Returns 200" classname="com.aims.controller.ProductControllerViewSearchFilterTest$FilterProductEndpoint" time="0.002"/>
  <testcase name="CT020 Filter With Zero Min Price Returns 200" classname="com.aims.controller.ProductControllerViewSearchFilterTest$FilterProductEndpoint" time="0.003"/>
  <testcase name="CT018 Filter With Missing Price Range Param Returns 400" classname="com.aims.controller.ProductControllerViewSearchFilterTest$FilterProductEndpoint" time="0.003"/>
  <system-out><![CDATA[07:50:12.434 [Test worker] INFO org.springframework.test.context.support.AnnotationConfigContextLoaderUtils -- Could not detect default configuration classes for test class [com.aims.controller.ProductControllerViewSearchFilterTest$FilterProductEndpoint]: FilterProductEndpoint does not declare any static, non-private, non-final, nested classes annotated with @Configuration.
07:50:12.439 [Test worker] INFO org.springframework.boot.test.context.SpringBootTestContextBootstrapper -- Found @SpringBootConfiguration com.aims.AimsBackendApplication for test class com.aims.controller.ProductControllerViewSearchFilterTest$FilterProductEndpoint
  .   ____          _            __ _ _
 /\\ / ___'_ __ _ _(_)_ __  __ _ \ \ \ \
( ( )\___ | '_ | '_| | '_ \/ _` | \ \ \ \
 \\/  ___)| |_)| | | | | || (_| |  ) ) ) )
  '  |____| .__|_| |_|_| |_\__, | / / / /
 =========|_|==============|___/=/_/_/_/

 :: Spring Boot ::                (v3.3.0)

2026-05-19T07:50:12.564+07:00  INFO 16747 --- [AIMS_Backend] [    Test worker] .c.ProductControllerViewSearchFilterTest : Starting ProductControllerViewSearchFilterTest using Java 23.0.1 with PID 16747 (started by chaulevubao in /Users/chaulevubao/Downloads/AIMS_Backend)
2026-05-19T07:50:12.564+07:00  INFO 16747 --- [AIMS_Backend] [    Test worker] .c.ProductControllerViewSearchFilterTest : No active profile set, falling back to 1 default profile: "default"
2026-05-19T07:50:13.332+07:00  INFO 16747 --- [AIMS_Backend] [    Test worker] o.s.b.t.m.w.SpringBootMockServletContext : Initializing Spring TestDispatcherServlet ''
2026-05-19T07:50:13.333+07:00  INFO 16747 --- [AIMS_Backend] [    Test worker] o.s.t.web.servlet.TestDispatcherServlet  : Initializing Servlet ''
2026-05-19T07:50:13.333+07:00  INFO 16747 --- [AIMS_Backend] [    Test worker] o.s.t.web.servlet.TestDispatcherServlet  : Completed initialization in 0 ms
2026-05-19T07:50:13.346+07:00  INFO 16747 --- [AIMS_Backend] [    Test worker] .c.ProductControllerViewSearchFilterTest : Started ProductControllerViewSearchFilterTest in 0.885 seconds (process running for 1.349)
]]></system-out>
  <system-err><![CDATA[WARNING: A Java agent has been loaded dynamically (/Users/chaulevubao/.gradle/caches/modules-2/files-2.1/net.bytebuddy/byte-buddy-agent/1.14.16/4a451ee6484abac3a498df0f3b33ed00a6fced4d/byte-buddy-agent-1.14.16.jar)
WARNING: If a serviceability tool is in use, please run with -XX:+EnableDynamicAgentLoading to hide this warning
WARNING: If a serviceability tool is not in use, please run with -Djdk.instrument.traceUsage for more information
WARNING: Dynamic loading of agents will be disallowed by default in a future release
]]></system-err>
</testsuite>
