<?xml version="1.0" encoding="UTF-8"?>
<testsuite name="GET /api/products/search" tests="7" skipped="0" failures="0" errors="0" timestamp="2026-05-19T00:50:13.442Z" hostname="bchous-mac.local" time="0.028">
  <properties/>
  <testcase name="CT014 Search By Category Only Returns 200" classname="com.aims.controller.ProductControllerViewSearchFilterTest$SearchProductEndpoint" time="0.004"/>
  <testcase name="CT011 Search By Keyword And Category News Returns 200" classname="com.aims.controller.ProductControllerViewSearchFilterTest$SearchProductEndpoint" time="0.002"/>
  <testcase name="CT010 Search By Keyword And Category Music Returns 200" classname="com.aims.controller.ProductControllerViewSearchFilterTest$SearchProductEndpoint" time="0.002"/>
  <testcase name="CT009 Search By Keyword And Category Film Returns 200" classname="com.aims.controller.ProductControllerViewSearchFilterTest$SearchProductEndpoint" time="0.002"/>
  <testcase name="CT008 Search By Keyword And Category Programming Returns 200" classname="com.aims.controller.ProductControllerViewSearchFilterTest$SearchProductEndpoint" time="0.002"/>
  <testcase name="CT013 Search By Keyword Only Returns 200" classname="com.aims.controller.ProductControllerViewSearchFilterTest$SearchProductEndpoint" time="0.002"/>
  <testcase name="CT012 Search With No Match Returns 200 Empty List" classname="com.aims.controller.ProductControllerViewSearchFilterTest$SearchProductEndpoint" time="0.002"/>
  <system-out><![CDATA[2026-05-19T07:50:13.444+07:00  INFO 16747 --- [AIMS_Backend] [    Test worker] t.c.s.AnnotationConfigContextLoaderUtils : Could not detect default configuration classes for test class [com.aims.controller.ProductControllerViewSearchFilterTest$SearchProductEndpoint]: SearchProductEndpoint does not declare any static, non-private, non-final, nested classes annotated with @Configuration.
2026-05-19T07:50:13.449+07:00  INFO 16747 --- [AIMS_Backend] [    Test worker] .b.t.c.SpringBootTestContextBootstrapper : Found @SpringBootConfiguration com.aims.AimsBackendApplication for test class com.aims.controller.ProductControllerViewSearchFilterTest$SearchProductEndpoint
]]></system-out>
  <system-err><![CDATA[]]></system-err>
</testsuite>
